<?xml version="1.0" encoding="utf-8"?><testsuites name="pytest tests"><testsuite name="pytest" errors="0" failures="0" skipped="0" tests="20" time="2.917" timestamp="2026-04-11T10:33:20.496049+00:00" hostname="agent-env-07e2086d-57a9-4890-9f58-aaf5093fe327"><testcase classname="backend.tests.test_timetable_api.TestHealthAndBasicEndpoints" name="test_health_check" time="0.310" /><testcase classname="backend.tests.test_timetable_api.TestHealthAndBasicEndpoints" name="test_get_all_data" time="0.104" /><testcase classname="backend.tests.test_timetable_api.TestHealthAndBasicEndpoints" name="test_get_config" time="0.125" /><testcase classname="backend.tests.test_timetable_api.TestGenerateEndpoint" name="test_generate_basic_timetable" time="0.102" /><testcase classname="backend.tests.test_timetable_api.TestGenerateEndpoint" name="test_generate_with_5_working_days" time="0.120" /><testcase classname="backend.tests.test_timetable_api.TestGenerateEndpoint" name="test_generate_with_6_working_days" time="0.107" /><testcase classname="backend.tests.test_timetable_api.TestGenerateEndpoint" name="test_dynamic_slot_generation" time="0.104" /><testcase classname="backend.tests.test_timetable_api.TestGenerateEndpoint" name="test_credit_based_distribution" time="0.122" /><testcase classname="backend.tests.test_timetable_api.TestGenerateEndpoint" name="test_one_subject_per_day_constraint" time="0.103" /><testcase classname="backend.tests.test_timetable_api.TestGenerateEndpoint" name="test_unmet_credits_warning" time="0.101" /><testcase classname="backend.tests.test_timetable_api.TestTimetableStructure" name="test_timetable_entry_structure" time="0.155" /><testcase classname="backend.tests.test_timetable_api.TestTimetableStructure" name="test_free_period_structure" time="0.129" /><testcase classname="backend.tests.test_timetable_api.TestConflictDetection" name="test_conflict_detection_no_conflicts" time="0.221" /><testcase classname="backend.tests.test_timetable_api.TestConflictDetection" name="test_conflict_detection_with_custom_timetable" time="0.110" /><testcase classname="backend.tests.test_timetable_api.TestExportAndTimetableEndpoints" name="test_get_timetable" time="0.106" /><testcase classname="backend.tests.test_timetable_api.TestExportAndTimetableEndpoints" name="test_export_timetable" time="0.101" /><testcase classname="backend.tests.test_timetable_api.TestCRUDOperations" name="test_add_teacher" time="0.184" /><testcase classname="backend.tests.test_timetable_api.TestCRUDOperations" name="test_add_room" time="0.155" /><testcase classname="backend.tests.test_timetable_api.TestCRUDOperations" name="test_add_subject" time="0.099" /><testcase classname="backend.tests.test_timetable_api.TestOptimizeEndpoint" name="test_optimize" time="0.105" /></testsuite></testsuites>